<?xml version="1.0" encoding="utf-8"?><testsuites name="pytest tests"><testsuite name="pytest" errors="0" failures="0" skipped="0" tests="21" time="1.443" timestamp="2026-06-12T23:35:41.947857+00:00" hostname="agent-env-2ec51727-6051-4a8c-8f52-04de1b29dbdf"><testcase classname="backend.tests.test_iteration29_boutique_avatar_workbench.TestCosmeticsCatalog" name="test_catalog_returns_24_items_with_flags" time="0.153" /><testcase classname="backend.tests.test_iteration29_boutique_avatar_workbench.TestCosmeticsPurchase" name="test_purchase_duplicate_non_consumable_blocked" time="0.036" /><testcase classname="backend.tests.test_iteration29_boutique_avatar_workbench.TestCosmeticsPurchase" name="test_purchase_insufficient_balance" time="0.037" /><testcase classname="backend.tests.test_iteration29_boutique_avatar_workbench.TestCosmeticsPurchase" name="test_purchase_unknown_item" time="0.034" /><testcase classname="backend.tests.test_iteration29_boutique_avatar_workbench.TestCosmeticsPurchase" name="test_purchase_then_owned" time="0.079" /><testcase classname="backend.tests.test_iteration29_boutique_avatar_workbench.TestCosmeticsEquip" name="test_equip_unowned_returns_403" time="0.032" /><testcase classname="backend.tests.test_iteration29_boutique_avatar_workbench.TestCosmeticsEquip" name="test_equip_title_then_unequip_frame" time="0.143" /><testcase classname="backend.tests.test_iteration29_boutique_avatar_workbench.TestBoosts" name="test_owned_shows_active_boosts" time="0.076" /><testcase classname="backend.tests.test_iteration29_boutique_avatar_workbench.TestAvatar" name="test_get_avatar_returns_saved" time="0.039" /><testcase classname="backend.tests.test_iteration29_boutique_avatar_workbench.TestAvatar" name="test_save_avatar_valid_4096_pixels" time="0.078" /><testcase classname="backend.tests.test_iteration29_boutique_avatar_workbench.TestAvatar" name="test_save_avatar_wrong_pixel_count_returns_400" time="0.038" /><testcase classname="backend.tests.test_iteration29_boutique_avatar_workbench.TestAvatar" name="test_palettes_returns_base_plus_packs" time="0.081" /><testcase classname="backend.tests.test_iteration29_boutique_avatar_workbench.TestSpotlight" name="test_spotlight_purchase_requires_avatar" time="0.031" /><testcase classname="backend.tests.test_iteration29_boutique_avatar_workbench.TestSpotlight" name="test_spotlight_list" time="0.080" /><testcase classname="backend.tests.test_iteration29_boutique_avatar_workbench.TestFactoryWorker" name="test_available_tasks" time="0.034" /><testcase classname="backend.tests.test_iteration29_boutique_avatar_workbench.TestFactoryWorker" name="test_worker_tasks_filtered" time="0.037" /><testcase classname="backend.tests.test_iteration29_boutique_avatar_workbench.TestFactoryWorker" name="test_scheduler_status_has_last_repeat_at" time="0.034" /><testcase classname="backend.tests.test_iteration29_boutique_avatar_workbench.TestProfileCustomization" name="test_customization_excludes_old_fields" time="0.030" /><testcase classname="backend.tests.test_iteration29_boutique_avatar_workbench.TestProfileCustomization" name="test_customization_options_has_premium_chat_colors" time="0.034" /><testcase classname="backend.tests.test_iteration29_boutique_avatar_workbench.TestFactoryClaimSubmit" name="test_claim_submit_with_boost_multiplier" time="0.113" /><testcase classname="backend.tests.test_iteration29_boutique_avatar_workbench.TestFactoryClaimSubmit" name="test_submit_invalid_output_fails_validation" time="0.134" /></testsuite></testsuites>