<?xml version="1.0" encoding="utf-8"?><testsuites name="pytest tests"><testsuite name="pytest" errors="0" failures="0" skipped="0" tests="16" time="1.968" timestamp="2026-04-26T15:23:35.757225+00:00" hostname="agent-env-2ec51727-6051-4a8c-8f52-04de1b29dbdf"><testcase classname="backend.tests.test_iteration22_features.TestNPCMemoryDelocalization" name="test_get_event_types" time="0.132" /><testcase classname="backend.tests.test_iteration22_features.TestNPCMemoryDelocalization" name="test_get_memory_system_stats" time="0.100" /><testcase classname="backend.tests.test_iteration22_features.TestMaterialsAndComponents" name="test_list_all_materials" time="0.096" /><testcase classname="backend.tests.test_iteration22_features.TestMaterialsAndComponents" name="test_list_all_components" time="0.080" /><testcase classname="backend.tests.test_iteration22_features.TestMaterialsAndComponents" name="test_get_specific_material" time="0.124" /><testcase classname="backend.tests.test_iteration22_features.TestMaterialsAndComponents" name="test_get_specific_component" time="0.079" /><testcase classname="backend.tests.test_iteration22_features.TestMaterialsAndComponents" name="test_get_materials_by_location" time="0.115" /><testcase classname="backend.tests.test_iteration22_features.TestMaterialsAndComponents" name="test_get_materials_by_rarity" time="0.145" /><testcase classname="backend.tests.test_iteration22_features.TestMaterialsAndComponents" name="test_get_crafting_tree" time="0.116" /><testcase classname="backend.tests.test_iteration22_features.TestAIDigestSummary" name="test_get_compact_digest" time="0.115" /><testcase classname="backend.tests.test_iteration22_features.TestAIDigestSummary" name="test_get_full_digest" time="0.095" /><testcase classname="backend.tests.test_iteration22_features.TestAIDigestSummary" name="test_get_world_state_digest" time="0.218" /><testcase classname="backend.tests.test_iteration22_features.TestAIDigestSummary" name="test_get_npc_context_digest" time="0.111" /><testcase classname="backend.tests.test_iteration22_features.TestMaterialNotFound" name="test_material_not_found" time="0.135" /><testcase classname="backend.tests.test_iteration22_features.TestMaterialNotFound" name="test_component_not_found" time="0.088" /><testcase classname="backend.tests.test_iteration22_features.TestMaterialNotFound" name="test_invalid_rarity" time="0.097" /></testsuite></testsuites>