<?xml version="1.0" encoding="utf-8"?><testsuites name="pytest tests"><testsuite name="pytest" errors="0" failures="0" skipped="0" tests="16" time="4.425" timestamp="2026-04-26T18:57:00.689796+00:00" hostname="agent-env-2ec51727-6051-4a8c-8f52-04de1b29dbdf"><testcase classname="tests.test_iteration24_world_exploration.TestWorldSeedAPI" name="test_get_world_seed" time="0.276" /><testcase classname="tests.test_iteration24_world_exploration.TestBiomesAPI" name="test_get_all_biomes" time="0.090" /><testcase classname="tests.test_iteration24_world_exploration.TestBiomesAPI" name="test_biome_properties" time="0.103" /><testcase classname="tests.test_iteration24_world_exploration.TestTileAPI" name="test_get_tile_at_origin" time="0.173" /><testcase classname="tests.test_iteration24_world_exploration.TestTileAPI" name="test_tile_determinism" time="0.239" /><testcase classname="tests.test_iteration24_world_exploration.TestTileAPI" name="test_tile_at_different_coordinates" time="0.657" /><testcase classname="tests.test_iteration24_world_exploration.TestPlayerPositionAPI" name="test_get_player_position_new_player" time="0.094" /><testcase classname="tests.test_iteration24_world_exploration.TestPlayerPositionAPI" name="test_get_existing_player_position" time="0.402" /><testcase classname="tests.test_iteration24_world_exploration.TestExplorationAPI" name="test_explore_all_directions" time="0.795" /><testcase classname="tests.test_iteration24_world_exploration.TestExplorationAPI" name="test_explore_invalid_direction" time="0.099" /><testcase classname="tests.test_iteration24_world_exploration.TestExplorationAPI" name="test_explore_returns_surroundings" time="0.100" /><testcase classname="tests.test_iteration24_world_exploration.TestExplorationAPI" name="test_explore_updates_position" time="0.282" /><testcase classname="tests.test_iteration24_world_exploration.TestAreaAPI" name="test_get_area" time="0.104" /><testcase classname="tests.test_iteration24_world_exploration.TestWorldStatsAPI" name="test_get_world_stats" time="0.092" /><testcase classname="tests.test_iteration24_world_exploration.TestAuthentication" name="test_login_sirix_1" time="0.351" /><testcase classname="tests.test_iteration24_world_exploration.TestChunkAPI" name="test_get_chunk" time="0.472" /></testsuite></testsuites>