<?xml version="1.0" encoding="utf-8"?><testsuites name="pytest tests"><testsuite name="pytest" errors="0" failures="0" skipped="0" tests="18" time="1.890" timestamp="2026-04-26T21:24:40.621762+00:00" hostname="agent-env-2ec51727-6051-4a8c-8f52-04de1b29dbdf"><testcase classname="backend.tests.test_store_iteration26.TestStoreStatus" name="test_store_status_returns_enabled" time="0.134" /><testcase classname="backend.tests.test_store_iteration26.TestCurrencyPresets" name="test_presets_returns_5_packages" time="0.086" /><testcase classname="backend.tests.test_store_iteration26.TestCurrencyPresets" name="test_presets_have_correct_structure" time="0.082" /><testcase classname="backend.tests.test_store_iteration26.TestCurrencyPresets" name="test_presets_have_bonus_scaling" time="0.091" /><testcase classname="backend.tests.test_store_iteration26.TestCurrencyPresets" name="test_explorer_pack_is_popular" time="0.115" /><testcase classname="backend.tests.test_store_iteration26.TestComputeSubscriptions" name="test_subscriptions_returns_6_tiers" time="0.099" /><testcase classname="backend.tests.test_store_iteration26.TestComputeSubscriptions" name="test_subscriptions_have_exponential_scaling" time="0.082" /><testcase classname="backend.tests.test_store_iteration26.TestComputeSubscriptions" name="test_subscriptions_have_ai_slots" time="0.101" /><testcase classname="backend.tests.test_store_iteration26.TestComputeSubscriptions" name="test_subscriptions_have_multipliers" time="0.119" /><testcase classname="backend.tests.test_store_iteration26.TestCivilizationStructures" name="test_structures_returns_4_categories" time="0.115" /><testcase classname="backend.tests.test_store_iteration26.TestCivilizationStructures" name="test_structures_grouped_by_category" time="0.080" /><testcase classname="backend.tests.test_store_iteration26.TestCivilizationStructures" name="test_structures_have_dual_pricing" time="0.110" /><testcase classname="backend.tests.test_store_iteration26.TestCivilizationStructures" name="test_defense_structures_have_defense_stat" time="0.086" /><testcase classname="backend.tests.test_store_iteration26.TestCivilizationStructures" name="test_philosophy_mentions_gates_defense" time="0.105" /><testcase classname="backend.tests.test_store_iteration26.TestStructurePurchaseVE" name="test_purchase_structure_insufficient_balance" time="0.114" /><testcase classname="backend.tests.test_store_iteration26.TestStructurePurchaseVE" name="test_purchase_structure_invalid_structure" time="0.098" /><testcase classname="backend.tests.test_store_iteration26.TestUserSubscription" name="test_user_subscription_no_active" time="0.097" /><testcase classname="backend.tests.test_store_iteration26.TestOwnedStructures" name="test_owned_structures_empty_for_new_user" time="0.086" /></testsuite></testsuites>