<?xml version="1.0" encoding="utf-8"?><testsuites name="pytest tests"><testsuite name="pytest" errors="0" failures="0" skipped="0" tests="20" time="4.089" timestamp="2026-04-26T17:52:26.892829+00:00" hostname="agent-env-2ec51727-6051-4a8c-8f52-04de1b29dbdf"><testcase classname="backend.tests.test_iteration23_features.TestDiscoveryLabEndpoints" name="test_get_experiment_types" time="0.123" /><testcase classname="backend.tests.test_iteration23_features.TestDiscoveryLabEndpoints" name="test_get_recent_discoveries" time="0.096" /><testcase classname="backend.tests.test_iteration23_features.TestDiscoveryLabEndpoints" name="test_get_user_discoveries" time="0.097" /><testcase classname="backend.tests.test_iteration23_features.TestDiscoveryLabEndpoints" name="test_get_discovery_stats" time="0.093" /><testcase classname="backend.tests.test_iteration23_features.TestDiscoveryLabEndpoints" name="test_check_if_discovered" time="0.093" /><testcase classname="backend.tests.test_iteration23_features.TestDiscoveryLabEndpoints" name="test_experiment_validation_min_ingredients" time="0.091" /><testcase classname="backend.tests.test_iteration23_features.TestDiscoveryLabEndpoints" name="test_experiment_validation_max_ingredients" time="0.103" /><testcase classname="backend.tests.test_iteration23_features.TestDiscoveryLabEndpoints" name="test_experiment_validation_invalid_type" time="0.131" /><testcase classname="backend.tests.test_iteration23_features.TestGoogleAuthEndpoints" name="test_legacy_names_endpoint_exists" time="0.430" /><testcase classname="backend.tests.test_iteration23_features.TestGoogleAuthEndpoints" name="test_legacy_names_404_for_invalid_user" time="0.110" /><testcase classname="backend.tests.test_iteration23_features.TestGoogleAuthEndpoints" name="test_username_change_validation" time="0.104" /><testcase classname="backend.tests.test_iteration23_features.TestGoogleAuthEndpoints" name="test_password_change_endpoint_exists" time="0.096" /><testcase classname="backend.tests.test_iteration23_features.TestGoogleAuthEndpoints" name="test_profile_update_endpoint" time="0.089" /><testcase classname="backend.tests.test_iteration23_features.TestGoogleAuthEndpoints" name="test_profile_update_validates_logo_url" time="0.416" /><testcase classname="backend.tests.test_iteration23_features.TestProfileCustomizationEndpoints" name="test_profile_customization_options" time="0.107" /><testcase classname="backend.tests.test_iteration23_features.TestProfileCustomizationEndpoints" name="test_get_profile_customization" time="0.507" /><testcase classname="backend.tests.test_iteration23_features.TestMaterialsEndpoints" name="test_get_materials_list" time="0.096" /><testcase classname="backend.tests.test_iteration23_features.TestAuthLogin" name="test_login_with_valid_credentials" time="0.362" /><testcase classname="backend.tests.test_iteration23_features.TestAuthLogin" name="test_login_with_invalid_password" time="0.760" /><testcase classname="backend.tests.test_iteration23_features.TestAuthLogin" name="test_login_with_nonexistent_user" time="0.101" /></testsuite></testsuites>