<?xml version="1.0" encoding="utf-8"?><testsuites name="pytest tests"><testsuite name="pytest" errors="0" failures="0" skipped="0" tests="21" time="2.870" timestamp="2026-03-14T05:26:13.545082+00:00" hostname="agent-env-2ec51727-6051-4a8c-8f52-04de1b29dbdf"><testcase classname="backend.tests.test_ai_village_features.TestBuildEndpointObjectIdFix" name="test_build_torch_returns_valid_json" time="0.185" /><testcase classname="backend.tests.test_ai_village_features.TestBuildEndpointObjectIdFix" name="test_build_insufficient_contribution" time="0.159" /><testcase classname="backend.tests.test_ai_village_features.TestTradeOfferObjectIdFix" name="test_create_trade_offer_returns_valid_json" time="0.185" /><testcase classname="backend.tests.test_ai_village_features.TestTradeOfferObjectIdFix" name="test_create_trade_insufficient_materials" time="0.163" /><testcase classname="backend.tests.test_ai_village_features.TestProfessionsAPI" name="test_get_all_professions" time="0.077" /><testcase classname="backend.tests.test_ai_village_features.TestProfessionsAPI" name="test_get_specific_profession" time="0.079" /><testcase classname="backend.tests.test_ai_village_features.TestProfessionsAPI" name="test_get_invalid_profession" time="0.080" /><testcase classname="backend.tests.test_ai_village_features.TestVillagersAPI" name="test_get_all_villagers" time="0.089" /><testcase classname="backend.tests.test_ai_village_features.TestVillagersAPI" name="test_get_villagers_by_location" time="0.074" /><testcase classname="backend.tests.test_ai_village_features.TestVillagerWork" name="test_villager_daily_work" time="0.164" /><testcase classname="backend.tests.test_ai_village_features.TestVillagerWork" name="test_villager_cannot_work_twice" time="0.153" /><testcase classname="backend.tests.test_ai_village_features.TestVillagerTrade" name="test_villager_trade_between_villagers" time="0.166" /><testcase classname="backend.tests.test_ai_village_features.TestWorldSeedlingAPI" name="test_get_world_seedling" time="0.085" /><testcase classname="backend.tests.test_ai_village_features.TestWorldSeedlingAPI" name="test_get_discoverable_lands" time="0.090" /><testcase classname="backend.tests.test_ai_village_features.TestWorldSeedlingAPI" name="test_get_house_schematics" time="0.083" /><testcase classname="backend.tests.test_ai_village_features.TestBuildHouse" name="test_build_campsite_in_origin_village" time="0.164" /><testcase classname="backend.tests.test_ai_village_features.TestBuildHouse" name="test_build_house_insufficient_materials" time="0.401" /><testcase classname="backend.tests.test_ai_village_features.TestBuildHouse" name="test_build_house_in_undiscovered_land" time="0.153" /><testcase classname="backend.tests.test_ai_village_features.TestHealthAndBasicEndpoints" name="test_api_root" time="0.087" /><testcase classname="backend.tests.test_ai_village_features.TestHealthAndBasicEndpoints" name="test_materials_endpoint" time="0.080" /><testcase classname="backend.tests.test_ai_village_features.TestHealthAndBasicEndpoints" name="test_schematics_endpoint" time="0.071" /></testsuite></testsuites>