<?xml version="1.0" encoding="utf-8"?><testsuites name="pytest tests"><testsuite name="pytest" errors="0" failures="0" skipped="0" tests="22" time="2.622" timestamp="2026-04-22T18:01:59.548977+00:00" hostname="agent-env-2ec51727-6051-4a8c-8f52-04de1b29dbdf"><testcase classname="tests.test_p0_systems_iter13.TestSkillSystemCatalog" name="test_01_skills_catalog_returns_6_categories" time="0.280" /><testcase classname="tests.test_p0_systems_iter13.TestSkillSystemCatalog" name="test_02_skills_catalog_returns_30_skills" time="0.083" /><testcase classname="tests.test_p0_systems_iter13.TestSkillSystemCatalog" name="test_03_skills_catalog_has_action_mappings" time="0.091" /><testcase classname="tests.test_p0_systems_iter13.TestTitlesCatalog" name="test_01_titles_catalog_returns_31_titles" time="0.090" /><testcase classname="tests.test_p0_systems_iter13.TestTitlesCatalog" name="test_02_titles_have_requirements_and_boosts" time="0.098" /><testcase classname="tests.test_p0_systems_iter13.TestSkillAction" name="test_01_skill_action_awards_xp" time="0.088" /><testcase classname="tests.test_p0_systems_iter13.TestSkillAction" name="test_02_skill_action_with_difficulty_multiplier" time="0.083" /><testcase classname="tests.test_p0_systems_iter13.TestSkillAction" name="test_03_invalid_action_returns_400" time="0.092" /><testcase classname="tests.test_p0_systems_iter13.TestEntityEarnings" name="test_01_activities_returns_18_activities" time="0.113" /><testcase classname="tests.test_p0_systems_iter13.TestEntityEarnings" name="test_02_wallet_creation_for_player" time="0.095" /><testcase classname="tests.test_p0_systems_iter13.TestEntityEarnings" name="test_03_wallet_creation_for_npc" time="0.093" /><testcase classname="tests.test_p0_systems_iter13.TestEntityEarnings" name="test_04_record_earning" time="0.089" /><testcase classname="tests.test_p0_systems_iter13.TestEntityEarnings" name="test_05_record_earning_for_npc" time="0.113" /><testcase classname="tests.test_p0_systems_iter13.TestAIAutonomy" name="test_01_get_npc_state" time="0.090" /><testcase classname="tests.test_p0_systems_iter13.TestAIAutonomy" name="test_02_npc_autonomous_action" time="0.194" /><testcase classname="tests.test_p0_systems_iter13.TestAIAutonomy" name="test_03_start_ai_conversation" time="0.137" /><testcase classname="tests.test_p0_systems_iter13.TestWorldInstances" name="test_01_world_types_and_story_characters" time="0.090" /><testcase classname="tests.test_p0_systems_iter13.TestWorldInstances" name="test_02_sirix_1_private_realm_access" time="0.102" /><testcase classname="tests.test_p0_systems_iter13.TestWorldInstances" name="test_03_sirix_1_realm_denied_to_others" time="0.107" /><testcase classname="tests.test_p0_systems_iter13.TestWorldInstances" name="test_04_main_story_world" time="0.154" /><testcase classname="tests.test_p0_systems_iter13.TestEntitySkillsAndTitles" name="test_01_get_entity_skills" time="0.123" /><testcase classname="tests.test_p0_systems_iter13.TestEntitySkillsAndTitles" name="test_02_get_entity_titles" time="0.162" /></testsuite></testsuites>