<?xml version="1.0" encoding="utf-8"?><testsuites name="pytest tests"><testsuite name="pytest" errors="0" failures="0" skipped="0" tests="25" time="2.204" timestamp="2026-03-14T06:06:53.337543+00:00" hostname="agent-env-2ec51727-6051-4a8c-8f52-04de1b29dbdf"><testcase classname="backend.tests.test_day_night_guilds_demons_mood.TestTimePhases" name="test_get_all_phases" time="0.257" /><testcase classname="backend.tests.test_day_night_guilds_demons_mood.TestTimePhases" name="test_get_current_phase_utc" time="0.042" /><testcase classname="backend.tests.test_day_night_guilds_demons_mood.TestTimePhases" name="test_get_phase_different_timezones" time="0.258" /><testcase classname="backend.tests.test_day_night_guilds_demons_mood.TestGuildSystem" name="test_get_guild_types" time="0.043" /><testcase classname="backend.tests.test_day_night_guilds_demons_mood.TestGuildSystem" name="test_create_guild" time="0.103" /><testcase classname="backend.tests.test_day_night_guilds_demons_mood.TestGuildSystem" name="test_list_guilds" time="0.040" /><testcase classname="backend.tests.test_day_night_guilds_demons_mood.TestGuildSystem" name="test_join_guild_requires_valid_user" time="0.088" /><testcase classname="backend.tests.test_day_night_guilds_demons_mood.TestBiblicalDemons" name="test_get_all_demon_types" time="0.045" /><testcase classname="backend.tests.test_day_night_guilds_demons_mood.TestBiblicalDemons" name="test_get_specific_demon" time="0.043" /><testcase classname="backend.tests.test_day_night_guilds_demons_mood.TestBiblicalDemons" name="test_get_infestation_level_clear" time="0.045" /><testcase classname="backend.tests.test_day_night_guilds_demons_mood.TestBiblicalDemons" name="test_demon_spawn_daytime" time="0.049" /><testcase classname="backend.tests.test_day_night_guilds_demons_mood.TestBiblicalDemons" name="test_demon_spawn_nighttime" time="0.045" /><testcase classname="backend.tests.test_day_night_guilds_demons_mood.TestBiblicalDemons" name="test_attack_demon_flow" time="0.191" /><testcase classname="backend.tests.test_day_night_guilds_demons_mood.TestAIMoodSystem" name="test_get_villager_mood_default" time="0.083" /><testcase classname="backend.tests.test_day_night_guilds_demons_mood.TestAIMoodSystem" name="test_positive_interaction" time="0.126" /><testcase classname="backend.tests.test_day_night_guilds_demons_mood.TestAIMoodSystem" name="test_negative_interaction" time="0.090" /><testcase classname="backend.tests.test_day_night_guilds_demons_mood.TestAIMoodSystem" name="test_property_damage_closes_shop" time="0.104" /><testcase classname="backend.tests.test_day_night_guilds_demons_mood.TestAIMoodSystem" name="test_invalid_interaction_type" time="0.122" /><testcase classname="backend.tests.test_day_night_guilds_demons_mood.TestSirixScanProtection" name="test_scan_normal_entity" time="0.085" /><testcase classname="backend.tests.test_day_night_guilds_demons_mood.TestSirixScanProtection" name="test_scan_sirix_causes_distortion" time="0.045" /><testcase classname="backend.tests.test_day_night_guilds_demons_mood.TestSirixScanProtection" name="test_view_profile_sirix_masked" time="0.042" /><testcase classname="backend.tests.test_day_night_guilds_demons_mood.TestSirixScanProtection" name="test_scan_nonexistent_entity" time="0.042" /><testcase classname="backend.tests.test_day_night_guilds_demons_mood.TestMoodDecay" name="test_decay_moods_endpoint" time="0.041" /><testcase classname="backend.tests.test_day_night_guilds_demons_mood.TestInfestationLevels" name="test_infestation_known_location" time="0.043" /><testcase classname="backend.tests.test_day_night_guilds_demons_mood.TestInfestationLevels" name="test_get_active_demons_at_location" time="0.042" /></testsuite></testsuites>