<?xml version="1.0" encoding="utf-8"?><testsuites name="pytest tests"><testsuite name="pytest" errors="0" failures="0" skipped="0" tests="31" time="2.574" timestamp="2026-03-14T06:32:20.658149+00:00" hostname="agent-env-2ec51727-6051-4a8c-8f52-04de1b29dbdf"><testcase classname="backend.tests.test_combat_guild_aihelper.TestCombatDefinitions" name="test_get_combat_stats_returns_definitions" time="0.250" /><testcase classname="backend.tests.test_combat_guild_aihelper.TestCharacterCombatStats" name="test_get_character_combat_stats" time="0.176" /><testcase classname="backend.tests.test_combat_guild_aihelper.TestCharacterCombatStats" name="test_character_not_found" time="0.045" /><testcase classname="backend.tests.test_combat_guild_aihelper.TestCombatActions" name="test_attack_action" time="0.044" /><testcase classname="backend.tests.test_combat_guild_aihelper.TestCombatActions" name="test_block_action" time="0.042" /><testcase classname="backend.tests.test_combat_guild_aihelper.TestCombatActions" name="test_dodge_action" time="0.042" /><testcase classname="backend.tests.test_combat_guild_aihelper.TestCombatActions" name="test_sprint_action_with_formula" time="0.045" /><testcase classname="backend.tests.test_combat_guild_aihelper.TestCombatActions" name="test_invalid_action" time="0.039" /><testcase classname="backend.tests.test_combat_guild_aihelper.TestMovement" name="test_normal_movement" time="0.045" /><testcase classname="backend.tests.test_combat_guild_aihelper.TestMovement" name="test_sprint_movement_with_drain" time="0.038" /><testcase classname="backend.tests.test_combat_guild_aihelper.TestMovement" name="test_all_directions" time="0.425" /><testcase classname="backend.tests.test_combat_guild_aihelper.TestMovement" name="test_invalid_direction" time="0.044" /><testcase classname="backend.tests.test_combat_guild_aihelper.TestEquipment" name="test_equip_weapon" time="0.044" /><testcase classname="backend.tests.test_combat_guild_aihelper.TestEquipment" name="test_equip_armor" time="0.041" /><testcase classname="backend.tests.test_combat_guild_aihelper.TestEquipment" name="test_invalid_weapon" time="0.045" /><testcase classname="backend.tests.test_combat_guild_aihelper.TestEquipment" name="test_invalid_armor" time="0.042" /><testcase classname="backend.tests.test_combat_guild_aihelper.TestEquipment" name="test_invalid_equipment_slot" time="0.039" /><testcase classname="backend.tests.test_combat_guild_aihelper.TestSprintStaminaDrainFormula" name="test_heavy_armor_increases_drain" time="0.201" /><testcase classname="backend.tests.test_combat_guild_aihelper.TestGuildSystem" name="test_create_guild" time="0.048" /><testcase classname="backend.tests.test_combat_guild_aihelper.TestGuildSystem" name="test_list_guilds" time="0.077" /><testcase classname="backend.tests.test_combat_guild_aihelper.TestGuildSystem" name="test_create_guild_invalid_type" time="0.048" /><testcase classname="backend.tests.test_combat_guild_aihelper.TestGuildJoin" name="test_join_guild" time="0.181" /><testcase classname="backend.tests.test_combat_guild_aihelper.TestAIHelperStatus" name="test_ai_helper_status_for_regular_user" time="0.056" /><testcase classname="backend.tests.test_combat_guild_aihelper.TestAIHelperStatus" name="test_ai_helper_status_for_sirix" time="0.038" /><testcase classname="backend.tests.test_combat_guild_aihelper.TestAIHelperCapabilities" name="test_capabilities_for_regular_user" time="0.081" /><testcase classname="backend.tests.test_combat_guild_aihelper.TestAIHelperCapabilities" name="test_capabilities_for_sirix_mobile" time="0.044" /><testcase classname="backend.tests.test_combat_guild_aihelper.TestAIHelperExecute" name="test_execute_fails_for_regular_user" time="0.040" /><testcase classname="backend.tests.test_combat_guild_aihelper.TestAIHelperExecute" name="test_execute_vibrate_for_sirix" time="0.084" /><testcase classname="backend.tests.test_combat_guild_aihelper.TestAIHelperExecute" name="test_execute_notify_for_sirix" time="0.038" /><testcase classname="backend.tests.test_combat_guild_aihelper.TestAIHelperExecute" name="test_execute_invalid_command" time="0.041" /><testcase classname="backend.tests.test_combat_guild_aihelper.TestGuildTypes" name="test_get_guild_types" time="0.041" /></testsuite></testsuites>