<?xml version="1.0" encoding="utf-8"?><testsuites name="pytest tests"><testsuite name="pytest" errors="0" failures="1" skipped="0" tests="21" time="2.849" timestamp="2026-04-22T22:16:13.430800+00:00" hostname="agent-env-2ec51727-6051-4a8c-8f52-04de1b29dbdf"><testcase classname="backend.tests.test_p2_features_iter17.TestWorldMapAPI" name="test_world_map_config" time="0.259" /><testcase classname="backend.tests.test_p2_features_iter17.TestWorldMapAPI" name="test_world_map_get_or_create" time="0.179" /><testcase classname="backend.tests.test_p2_features_iter17.TestWorldMapAPI" name="test_world_map_entities" time="0.119" /><testcase classname="backend.tests.test_p2_features_iter17.TestWorldMapAPI" name="test_world_map_region_details" time="0.087" /><testcase classname="backend.tests.test_p2_features_iter17.TestWorldMapAPI" name="test_world_map_region_not_found" time="0.124" /><testcase classname="backend.tests.test_p2_features_iter17.TestWorldMapAPI" name="test_world_map_stats" time="0.115" /><testcase classname="backend.tests.test_p2_features_iter17.TestWorldMapAPI" name="test_world_map_export" time="0.084" /><testcase classname="backend.tests.test_p2_features_iter17.TestUnityWebGLAPI" name="test_unity_config" time="0.130" /><testcase classname="backend.tests.test_p2_features_iter17.TestUnityWebGLAPI" name="test_unity_downloads" time="0.193" /><testcase classname="backend.tests.test_p2_features_iter17.TestUnityWebGLAPI" name="test_unity_stats" time="0.081" /><testcase classname="backend.tests.test_p2_features_iter17.TestEnhancedTaskProviders" name="test_task_types" time="0.081" /><testcase classname="backend.tests.test_p2_features_iter17.TestEnhancedTaskProviders" name="test_task_providers" time="0.097" /><testcase classname="backend.tests.test_p2_features_iter17.TestEnhancedTaskProviders" name="test_start_sentiment_task_session" time="0.098" /><testcase classname="backend.tests.test_p2_features_iter17.TestEnhancedTaskProviders" name="test_start_content_rating_session" time="0.087" /><testcase classname="backend.tests.test_p2_features_iter17.TestEnhancedTaskProviders" name="test_start_npc_dialogue_rating_session" time="0.108" /><testcase classname="backend.tests.test_p2_features_iter17.TestEnhancedTaskProviders" name="test_start_response_ranking_session" time="0.089" /><testcase classname="backend.tests.test_p2_features_iter17.TestEnhancedTaskProviders" name="test_start_world_description_session" time="0.089" /><testcase classname="backend.tests.test_p2_features_iter17.TestEnhancedTaskProviders" name="test_complete_task" time="0.173" /><testcase classname="backend.tests.test_p2_features_iter17.TestEnhancedTaskProviders" name="test_worker_stats" time="0.082" /><testcase classname="backend.tests.test_p2_features_iter17.TestEnhancedTaskProviders" name="test_platform_stats" time="0.088" /><testcase classname="backend.tests.test_p2_features_iter17.TestModeSelectionIntegration" name="test_auth_login" time="0.315"><failure message="AssertionError: Response should contain user_id&#10;assert 'user_id' in {'status': 'success', 'user': {'cannot_degenerate': True, 'characters': ['d70e5d9e-7e08-47bf-80cd-2b185abe0d71', 'eb3a4d4e-805a-4183-bb2e-ec43467aff14', 'c3501821-e5c6-44b8-a0a9-82468c724f9e', '7b17f72f-e678-410e-9463-c4597601b448'], 'contribution_points': None, 'created_at': '2026-03-13T06:43:45.816978+00:00', ...}}">backend/tests/test_p2_features_iter17.py:466: in test_auth_login
    assert "user_id" in data, "Response should contain user_id"
E   AssertionError: Response should contain user_id
E   assert 'user_id' in {'status': 'success', 'user': {'cannot_degenerate': True, 'characters': ['d70e5d9e-7e08-47bf-80cd-2b185abe0d71', 'eb3a4d4e-805a-4183-bb2e-ec43467aff14', 'c3501821-e5c6-44b8-a0a9-82468c724f9e', '7b17f72f-e678-410e-9463-c4597601b448'], 'contribution_points': None, 'created_at': '2026-03-13T06:43:45.816978+00:00', ...}}</failure></testcase></testsuite></testsuites>