<?xml version="1.0" encoding="utf-8"?><testsuites name="pytest tests"><testsuite name="pytest" errors="0" failures="0" skipped="0" tests="27" time="3.154" timestamp="2026-04-22T23:47:50.920943+00:00" hostname="agent-env-2ec51727-6051-4a8c-8f52-04de1b29dbdf"><testcase classname="backend.tests.test_multiplayer_chat_skills_iter18.TestRegistrationWithDisplayName" name="test_register_with_display_name" time="0.374" /><testcase classname="backend.tests.test_multiplayer_chat_skills_iter18.TestChatOnlineUsersAPI" name="test_get_online_users" time="0.108" /><testcase classname="backend.tests.test_multiplayer_chat_skills_iter18.TestChatHistoryAPI" name="test_get_global_chat_history" time="0.093" /><testcase classname="backend.tests.test_multiplayer_chat_skills_iter18.TestChatHistoryAPI" name="test_get_region_chat_history" time="0.091" /><testcase classname="backend.tests.test_multiplayer_chat_skills_iter18.TestChatHistoryAPI" name="test_get_party_chat_history" time="0.102" /><testcase classname="backend.tests.test_multiplayer_chat_skills_iter18.TestChatHistoryAPI" name="test_get_whisper_chat_history" time="0.092" /><testcase classname="backend.tests.test_multiplayer_chat_skills_iter18.TestChatStatsAPI" name="test_get_chat_stats" time="0.091" /><testcase classname="backend.tests.test_multiplayer_chat_skills_iter18.TestPartySystemAPI" name="test_create_party" time="0.098" /><testcase classname="backend.tests.test_multiplayer_chat_skills_iter18.TestPartySystemAPI" name="test_get_party_info" time="0.122" /><testcase classname="backend.tests.test_multiplayer_chat_skills_iter18.TestPartySystemAPI" name="test_party_not_found" time="0.102" /><testcase classname="backend.tests.test_multiplayer_chat_skills_iter18.TestBlockSystemAPI" name="test_block_user" time="0.086" /><testcase classname="backend.tests.test_multiplayer_chat_skills_iter18.TestBlockSystemAPI" name="test_get_blocked_users" time="0.082" /><testcase classname="backend.tests.test_multiplayer_chat_skills_iter18.TestBlockSystemAPI" name="test_unblock_user" time="0.082" /><testcase classname="backend.tests.test_multiplayer_chat_skills_iter18.TestSkillTreesAPI" name="test_get_all_skill_trees" time="0.107" /><testcase classname="backend.tests.test_multiplayer_chat_skills_iter18.TestSkillTreesAPI" name="test_get_combat_tree" time="0.114" /><testcase classname="backend.tests.test_multiplayer_chat_skills_iter18.TestSkillTreesAPI" name="test_get_magic_tree" time="0.078" /><testcase classname="backend.tests.test_multiplayer_chat_skills_iter18.TestSkillTreesAPI" name="test_get_crafting_tree" time="0.082" /><testcase classname="backend.tests.test_multiplayer_chat_skills_iter18.TestSkillTreesAPI" name="test_get_social_tree" time="0.093" /><testcase classname="backend.tests.test_multiplayer_chat_skills_iter18.TestSkillTreesAPI" name="test_get_survival_tree" time="0.082" /><testcase classname="backend.tests.test_multiplayer_chat_skills_iter18.TestSkillTreesAPI" name="test_tree_not_found" time="0.100" /><testcase classname="backend.tests.test_multiplayer_chat_skills_iter18.TestTitlePassivesAPI" name="test_get_all_title_passives" time="0.078" /><testcase classname="backend.tests.test_multiplayer_chat_skills_iter18.TestTitlePassivesAPI" name="test_explorer_title_passives" time="0.118" /><testcase classname="backend.tests.test_multiplayer_chat_skills_iter18.TestTitlePassivesAPI" name="test_title_not_found" time="0.081" /><testcase classname="backend.tests.test_multiplayer_chat_skills_iter18.TestPlayerSkillsAPI" name="test_get_player_skills" time="0.126" /><testcase classname="backend.tests.test_multiplayer_chat_skills_iter18.TestPlayerSkillsAPI" name="test_award_skill_points" time="0.081" /><testcase classname="backend.tests.test_multiplayer_chat_skills_iter18.TestPlayerSkillsAPI" name="test_get_active_effects" time="0.077" /><testcase classname="backend.tests.test_multiplayer_chat_skills_iter18.TestWhisperConversationsAPI" name="test_get_whisper_conversations" time="0.285" /></testsuite></testsuites>