<?xml version="1.0" encoding="utf-8"?><testsuites name="pytest tests"><testsuite name="pytest" errors="0" failures="0" skipped="0" tests="22" time="2.884" timestamp="2026-04-26T22:21:48.793923+00:00" hostname="agent-env-2ec51727-6051-4a8c-8f52-04de1b29dbdf"><testcase classname="tests.test_iteration28_external_npc_services.TestExternalProvidersWebhook" name="test_webhook_toloka_receives_event" time="0.262" /><testcase classname="tests.test_iteration28_external_npc_services.TestExternalProvidersWebhook" name="test_webhook_generic_provider" time="0.316" /><testcase classname="tests.test_iteration28_external_npc_services.TestExternalProvidersWebhook" name="test_webhook_unknown_provider_rejected" time="0.078" /><testcase classname="tests.test_iteration28_external_npc_services.TestExternalProvidersStatus" name="test_get_status" time="0.091" /><testcase classname="tests.test_iteration28_external_npc_services.TestExternalProvidersEvents" name="test_get_events" time="0.091" /><testcase classname="tests.test_iteration28_external_npc_services.TestExternalProvidersEvents" name="test_get_events_with_filter" time="0.099" /><testcase classname="tests.test_iteration28_external_npc_services.TestExternalProvidersTaskMapping" name="test_map_external_task" time="0.090" /><testcase classname="tests.test_iteration28_external_npc_services.TestExternalProvidersTaskMapping" name="test_claim_external_task" time="0.176" /><testcase classname="tests.test_iteration28_external_npc_services.TestExternalProvidersTaskMapping" name="test_submit_external_task" time="0.316" /><testcase classname="tests.test_iteration28_external_npc_services.TestExternalProvidersTaskMapping" name="test_claim_nonexistent_task_fails" time="0.101" /><testcase classname="tests.test_iteration28_external_npc_services.TestNPCServicesCategories" name="test_get_categories" time="0.078" /><testcase classname="tests.test_iteration28_external_npc_services.TestNPCServicesTypes" name="test_get_service_types" time="0.092" /><testcase classname="tests.test_iteration28_external_npc_services.TestNPCAvailableServices" name="test_get_npc_available_services" time="0.095" /><testcase classname="tests.test_iteration28_external_npc_services.TestNPCAvailableServices" name="test_get_untrained_npc_services" time="0.086" /><testcase classname="tests.test_iteration28_external_npc_services.TestNPCServiceRequest" name="test_request_service_insufficient_balance" time="0.114" /><testcase classname="tests.test_iteration28_external_npc_services.TestNPCServiceRequest" name="test_request_invalid_service_type" time="0.079" /><testcase classname="tests.test_iteration28_external_npc_services.TestNPCServiceHistory" name="test_get_player_service_history" time="0.083" /><testcase classname="tests.test_iteration28_external_npc_services.TestNPCServiceHistory" name="test_get_new_player_history" time="0.087" /><testcase classname="tests.test_iteration28_external_npc_services.TestNPCServiceStats" name="test_get_npc_service_stats" time="0.092" /><testcase classname="tests.test_iteration28_external_npc_services.TestNPCServiceLeaderboard" name="test_get_leaderboard" time="0.075" /><testcase classname="tests.test_iteration28_external_npc_services.TestNPCServiceLeaderboard" name="test_get_leaderboard_with_limit" time="0.103" /><testcase classname="tests.test_iteration28_external_npc_services.TestIntegrationAITrainingToServices" name="test_trained_npc_has_services" time="0.189" /></testsuite></testsuites>