<?xml version="1.0" encoding="utf-8"?><testsuites name="pytest tests"><testsuite name="pytest" errors="0" failures="0" skipped="1" tests="8" time="1.167" timestamp="2026-04-22T16:32:06.269662+00:00" hostname="agent-env-2ec51727-6051-4a8c-8f52-04de1b29dbdf"><testcase classname="backend.tests.test_unity_features_iter11.TestUnityAPI" name="test_unity_config_endpoint" time="0.144" /><testcase classname="backend.tests.test_unity_features_iter11.TestUnityAPI" name="test_unity_downloads_endpoint" time="0.097" /><testcase classname="backend.tests.test_unity_features_iter11.TestJobsHub" name="test_jobs_catalog_endpoint" time="0.121" /><testcase classname="backend.tests.test_unity_features_iter11.TestJobsHub" name="test_jobs_economy_stats" time="0.109" /><testcase classname="backend.tests.test_unity_features_iter11.TestLocationsAPI" name="test_locations_endpoint" time="0.088" /><testcase classname="backend.tests.test_unity_features_iter11.TestCharacterAPI" name="test_create_test_character" time="0.213" /><testcase classname="backend.tests.test_unity_features_iter11.TestUnitySession" name="test_create_unity_session" time="0.207"><skipped type="pytest.skip" message="Could not create test character">/app/backend/tests/test_unity_features_iter11.py:201: Could not create test character</skipped></testcase><testcase classname="backend.tests.test_unity_features_iter11.TestAPIHealth" name="test_api_root" time="0.137" /></testsuite></testsuites>