<?xml version="1.0" encoding="utf-8"?><testsuites name="pytest tests"><testsuite name="pytest" errors="0" failures="0" skipped="0" tests="15" time="4.917" timestamp="2026-04-23T00:28:29.818667+00:00" hostname="agent-env-2ec51727-6051-4a8c-8f52-04de1b29dbdf"><testcase classname="backend.tests.test_earnings_skilltrees_iter20.TestEarningsHistoryEndpoint" name="test_earnings_history_returns_today_and_week_earned" time="0.415" /><testcase classname="backend.tests.test_earnings_skilltrees_iter20.TestEarningsHistoryEndpoint" name="test_earnings_history_with_days_param" time="0.638" /><testcase classname="backend.tests.test_earnings_skilltrees_iter20.TestWithdrawalPreferencesEndpoint" name="test_get_withdrawal_preferences_returns_defaults" time="0.086" /><testcase classname="backend.tests.test_earnings_skilltrees_iter20.TestWithdrawalPreferencesEndpoint" name="test_put_withdrawal_preferences_saves_permanently" time="0.585" /><testcase classname="backend.tests.test_earnings_skilltrees_iter20.TestWithdrawalPreferencesEndpoint" name="test_put_preferences_validates_wallet_format" time="0.425" /><testcase classname="backend.tests.test_earnings_skilltrees_iter20.TestSkillTreesEndpoints" name="test_get_all_skill_trees" time="0.088" /><testcase classname="backend.tests.test_earnings_skilltrees_iter20.TestSkillTreesEndpoints" name="test_get_specific_skill_tree" time="0.089" /><testcase classname="backend.tests.test_earnings_skilltrees_iter20.TestSkillTreesEndpoints" name="test_get_player_skills" time="0.399" /><testcase classname="backend.tests.test_earnings_skilltrees_iter20.TestSkillTreesEndpoints" name="test_get_title_passives" time="0.089" /><testcase classname="backend.tests.test_earnings_skilltrees_iter20.TestSkillTreesEndpoints" name="test_unlock_skill_requires_points" time="0.091" /><testcase classname="backend.tests.test_earnings_skilltrees_iter20.TestSessionEndSyncsEarnings" name="test_session_end_syncs_to_main_account" time="0.567" /><testcase classname="backend.tests.test_earnings_skilltrees_iter20.TestRTTasksTypes" name="test_get_task_types" time="0.094" /><testcase classname="backend.tests.test_earnings_skilltrees_iter20.TestEarningsAccountEndpoint" name="test_get_earnings_account" time="0.401" /><testcase classname="backend.tests.test_earnings_skilltrees_iter20.TestSkillTreeUnlockFlow" name="test_award_points_and_unlock_skill" time="0.477" /><testcase classname="backend.tests.test_earnings_skilltrees_iter20.TestSkillTreeUnlockFlow" name="test_get_active_effects" time="0.394" /></testsuite></testsuites>