<?xml version="1.0" encoding="utf-8"?><testsuites name="pytest tests"><testsuite name="pytest" errors="0" failures="0" skipped="0" tests="20" time="3.011" timestamp="2026-04-26T19:58:32.118161+00:00" hostname="agent-env-2ec51727-6051-4a8c-8f52-04de1b29dbdf"><testcase classname="tests.test_iteration25_features.TestWorldMemoryAPI" name="test_world_memory_types_returns_10_types" time="0.287" /><testcase classname="tests.test_iteration25_features.TestWorldMemoryAPI" name="test_world_memory_types_have_required_fields" time="0.200" /><testcase classname="tests.test_iteration25_features.TestWorldMemoryAPI" name="test_world_memory_impact_levels" time="0.108" /><testcase classname="tests.test_iteration25_features.TestWorldMemoryAPI" name="test_world_memory_global_endpoint" time="0.122" /><testcase classname="tests.test_iteration25_features.TestWorldMemoryAPI" name="test_world_memory_chronicle_endpoint" time="0.094" /><testcase classname="tests.test_iteration25_features.TestWorldMemoryAPI" name="test_world_memory_stats_endpoint" time="0.081" /><testcase classname="tests.test_iteration25_features.TestPartySystemAPI" name="test_party_roles_returns_4_roles" time="0.097" /><testcase classname="tests.test_iteration25_features.TestPartySystemAPI" name="test_party_roles_have_required_fields" time="0.094" /><testcase classname="tests.test_iteration25_features.TestPartySystemAPI" name="test_party_max_size_is_6" time="0.085" /><testcase classname="tests.test_iteration25_features.TestPartySystemAPI" name="test_party_max_npcs_is_3" time="0.087" /><testcase classname="tests.test_iteration25_features.TestPartySystemAPI" name="test_party_leader_has_all_permissions" time="0.084" /><testcase classname="tests.test_iteration25_features.TestPartySystemAPI" name="test_party_npc_companion_has_no_permissions" time="0.084" /><testcase classname="tests.test_iteration25_features.TestPartySystemAPI" name="test_party_create_endpoint" time="0.190" /><testcase classname="tests.test_iteration25_features.TestPartySystemAPI" name="test_party_stats_endpoint" time="0.096" /><testcase classname="tests.test_iteration25_features.TestAuthenticationAPI" name="test_login_with_sirix_1_credentials" time="0.351" /><testcase classname="tests.test_iteration25_features.TestAuthenticationAPI" name="test_login_returns_user_details" time="0.312" /><testcase classname="tests.test_iteration25_features.TestAuthenticationAPI" name="test_google_oauth_callback_endpoint_exists" time="0.312" /><testcase classname="tests.test_iteration25_features.TestWorldExplorerInvertedControls" name="test_world_explore_endpoint_exists" time="0.105" /><testcase classname="tests.test_iteration25_features.TestWorldExplorerInvertedControls" name="test_world_stats_endpoint" time="0.085" /><testcase classname="tests.test_iteration25_features.TestVillageExplorerSidebar" name="test_locations_endpoint" time="0.080" /></testsuite></testsuites>