<?xml version="1.0" encoding="utf-8"?><testsuites name="pytest tests"><testsuite name="pytest" errors="0" failures="0" skipped="0" tests="8" time="1.294" timestamp="2026-06-15T08:55:32.697186+00:00" hostname="agent-env-2ec51727-6051-4a8c-8f52-04de1b29dbdf"><testcase classname="backend.tests.test_field_ops" name="test_types_and_seed" time="0.352" /><testcase classname="backend.tests.test_field_ops" name="test_available_listing" time="0.049" /><testcase classname="backend.tests.test_field_ops" name="test_voice_auto_approved_pays_wallet" time="0.138" /><testcase classname="backend.tests.test_field_ops" name="test_high_value_routes_to_review_and_admin_approves" time="0.238" /><testcase classname="backend.tests.test_field_ops" name="test_non_admin_cannot_review" time="0.050" /><testcase classname="backend.tests.test_field_ops" name="test_bad_mime_rejected" time="0.125" /><testcase classname="backend.tests.test_field_ops" name="test_stats_endpoint" time="0.045" /><testcase classname="backend.tests.test_field_ops" name="test_my_submissions" time="0.246" /></testsuite></testsuites>