<?xml version="1.0" encoding="utf-8"?><testsuites name="pytest tests"><testsuite name="pytest" errors="0" failures="0" skipped="0" tests="25" time="2.150" timestamp="2026-04-24T22:08:52.819904+00:00" hostname="agent-env-2ec51727-6051-4a8c-8f52-04de1b29dbdf"><testcase classname="backend.tests.test_iteration21_features.TestTaskMarketplaceHybrid" name="test_get_hybrid_tasks" time="0.134" /><testcase classname="backend.tests.test_iteration21_features.TestTaskMarketplaceHybrid" name="test_get_hybrid_stats" time="0.091" /><testcase classname="backend.tests.test_iteration21_features.TestTaskMarketplaceHybrid" name="test_get_task_categories" time="0.080" /><testcase classname="backend.tests.test_iteration21_features.TestTaskMarketplaceHybrid" name="test_get_my_tasks" time="0.125" /><testcase classname="backend.tests.test_iteration21_features.TestTaskMarketplaceHybrid" name="test_create_ve_task" time="0.105" /><testcase classname="backend.tests.test_iteration21_features.TestAIPartners" name="test_get_ai_programs" time="0.101" /><testcase classname="backend.tests.test_iteration21_features.TestAIPartners" name="test_get_user_ai_status" time="0.089" /><testcase classname="backend.tests.test_iteration21_features.TestAIPartners" name="test_deploy_ai_program" time="0.156" /><testcase classname="backend.tests.test_iteration21_features.TestQuestLog" name="test_get_quest_categories" time="0.082" /><testcase classname="backend.tests.test_iteration21_features.TestQuestLog" name="test_get_factions" time="0.099" /><testcase classname="backend.tests.test_iteration21_features.TestQuestLog" name="test_get_available_quests" time="0.116" /><testcase classname="backend.tests.test_iteration21_features.TestQuestLog" name="test_get_user_reputation" time="0.081" /><testcase classname="backend.tests.test_iteration21_features.TestQuestLog" name="test_get_user_wallet" time="0.080" /><testcase classname="backend.tests.test_iteration21_features.TestQuestLog" name="test_accept_quest" time="0.082" /><testcase classname="backend.tests.test_iteration21_features.TestOnboarding" name="test_get_paths" time="0.082" /><testcase classname="backend.tests.test_iteration21_features.TestOnboarding" name="test_get_intro_steps" time="0.081" /><testcase classname="backend.tests.test_iteration21_features.TestOnboarding" name="test_get_virtual_verse" time="0.109" /><testcase classname="backend.tests.test_iteration21_features.TestOnboarding" name="test_get_user_direction_status" time="0.081" /><testcase classname="backend.tests.test_iteration21_features.TestLeaderboard" name="test_get_rank_leaderboard" time="0.129" /><testcase classname="backend.tests.test_iteration21_features.TestLeaderboard" name="test_get_hourly_earnings_leaderboard" time="0.093" /><testcase classname="backend.tests.test_iteration21_features.TestLeaderboard" name="test_get_compute_leaderboard" time="0.099" /><testcase classname="backend.tests.test_iteration21_features.TestModeSelectionNavigation" name="test_marketplace_route_exists" time="0.000" /><testcase classname="backend.tests.test_iteration21_features.TestModeSelectionNavigation" name="test_ai_partners_route_exists" time="0.000" /><testcase classname="backend.tests.test_iteration21_features.TestModeSelectionNavigation" name="test_quest_log_route_exists" time="0.000" /><testcase classname="backend.tests.test_iteration21_features.TestModeSelectionNavigation" name="test_leaderboard_route_exists" time="0.000" /></testsuite></testsuites>