<?xml version="1.0" encoding="utf-8"?><testsuites name="pytest tests"><testsuite name="pytest" errors="0" failures="0" skipped="0" tests="34" time="4.163" timestamp="2026-04-22T19:12:12.154335+00:00" hostname="agent-env-2ec51727-6051-4a8c-8f52-04de1b29dbdf"><testcase classname="backend.tests.test_rt_tasks_compute_iter15.TestRTTasksTypes" name="test_get_task_types_returns_all_types" time="0.150" /><testcase classname="backend.tests.test_rt_tasks_compute_iter15.TestRTTasksTypes" name="test_task_types_have_required_fields" time="0.096" /><testcase classname="backend.tests.test_rt_tasks_compute_iter15.TestRTTasksTypes" name="test_providers_include_internal" time="0.087" /><testcase classname="backend.tests.test_rt_tasks_compute_iter15.TestRTTasksSession" name="test_start_session_sentiment_label" time="0.105" /><testcase classname="backend.tests.test_rt_tasks_compute_iter15.TestRTTasksSession" name="test_start_session_invalid_task_type" time="0.106" /><testcase classname="backend.tests.test_rt_tasks_compute_iter15.TestRTTasksSession" name="test_complete_task" time="0.185" /><testcase classname="backend.tests.test_rt_tasks_compute_iter15.TestRTTasksSession" name="test_complete_task_not_found" time="0.094" /><testcase classname="backend.tests.test_rt_tasks_compute_iter15.TestRTTasksSession" name="test_get_next_batch" time="0.220" /><testcase classname="backend.tests.test_rt_tasks_compute_iter15.TestRTTasksSession" name="test_end_session" time="0.178" /><testcase classname="backend.tests.test_rt_tasks_compute_iter15.TestRTTasksStats" name="test_get_worker_stats" time="0.163" /><testcase classname="backend.tests.test_rt_tasks_compute_iter15.TestRTTasksStats" name="test_get_hourly_leaderboard" time="0.105" /><testcase classname="backend.tests.test_rt_tasks_compute_iter15.TestRTTasksStats" name="test_get_platform_stats" time="0.086" /><testcase classname="backend.tests.test_rt_tasks_compute_iter15.TestComputeMarketplace" name="test_get_compute_tiers" time="0.099" /><testcase classname="backend.tests.test_rt_tasks_compute_iter15.TestComputeMarketplace" name="test_cloud_tiers_have_specs" time="0.111" /><testcase classname="backend.tests.test_rt_tasks_compute_iter15.TestComputeMarketplace" name="test_hardware_tiers_have_yield" time="0.129" /><testcase classname="backend.tests.test_rt_tasks_compute_iter15.TestVECurrency" name="test_get_ve_rate" time="0.091" /><testcase classname="backend.tests.test_rt_tasks_compute_iter15.TestVECurrency" name="test_get_ve_history" time="0.100" /><testcase classname="backend.tests.test_rt_tasks_compute_iter15.TestComputeAllocation" name="test_allocate_compute_insufficient_funds" time="0.087" /><testcase classname="backend.tests.test_rt_tasks_compute_iter15.TestComputeAllocation" name="test_allocate_compute_invalid_tier" time="0.180" /><testcase classname="backend.tests.test_rt_tasks_compute_iter15.TestComputeAllocation" name="test_get_active_compute" time="0.085" /><testcase classname="backend.tests.test_rt_tasks_compute_iter15.TestHardwarePurchase" name="test_purchase_hardware_insufficient_funds" time="0.100" /><testcase classname="backend.tests.test_rt_tasks_compute_iter15.TestHardwarePurchase" name="test_purchase_hardware_invalid_type" time="0.087" /><testcase classname="backend.tests.test_rt_tasks_compute_iter15.TestHardwarePurchase" name="test_get_owned_hardware" time="0.093" /><testcase classname="backend.tests.test_rt_tasks_compute_iter15.TestEconomyStats" name="test_get_economy_overview" time="0.090" /><testcase classname="backend.tests.test_rt_tasks_compute_iter15.TestEconomyStats" name="test_get_top_ai_investors" time="0.098" /><testcase classname="backend.tests.test_rt_tasks_compute_iter15.TestEntityEarnings" name="test_get_earning_activities" time="0.092" /><testcase classname="backend.tests.test_rt_tasks_compute_iter15.TestEntityEarnings" name="test_get_entity_wallet" time="0.089" /><testcase classname="backend.tests.test_rt_tasks_compute_iter15.TestEntityEarnings" name="test_record_earning" time="0.096" /><testcase classname="backend.tests.test_rt_tasks_compute_iter15.TestEntityEarnings" name="test_record_earning_invalid_activity" time="0.094" /><testcase classname="backend.tests.test_rt_tasks_compute_iter15.TestEntityEarnings" name="test_get_earning_history" time="0.099" /><testcase classname="backend.tests.test_rt_tasks_compute_iter15.TestEntityEarnings" name="test_get_earnings_leaderboard" time="0.115" /><testcase classname="backend.tests.test_rt_tasks_compute_iter15.TestEntityEarnings" name="test_get_economy_stats" time="0.119" /><testcase classname="backend.tests.test_rt_tasks_compute_iter15.TestEntityEarnings" name="test_get_top_earning_npcs" time="0.081" /><testcase classname="backend.tests.test_rt_tasks_compute_iter15.TestIntegrationFlow" name="test_full_earning_flow" time="0.390" /></testsuite></testsuites>