<?xml version="1.0" encoding="utf-8"?><testsuites name="pytest tests"><testsuite name="pytest" errors="0" failures="0" skipped="1" tests="17" time="2.112" timestamp="2026-03-27T05:40:15.137385+00:00" hostname="agent-env-2ec51727-6051-4a8c-8f52-04de1b29dbdf"><testcase classname="backend.tests.test_new_features_iter10.TestCommandsSystem" name="test_get_commands_for_sirix_1" time="0.181" /><testcase classname="backend.tests.test_new_features_iter10.TestCommandsSystem" name="test_get_commands_for_basic_user" time="0.230"><skipped type="pytest.skip" message="Test user not found">/app/backend/tests/test_new_features_iter10.py:82: Test user not found</skipped></testcase><testcase classname="backend.tests.test_new_features_iter10.TestCommandsSystem" name="test_execute_announce_command" time="0.150" /><testcase classname="backend.tests.test_new_features_iter10.TestCommandsSystem" name="test_execute_help_command" time="0.153" /><testcase classname="backend.tests.test_new_features_iter10.TestCommandsSystem" name="test_execute_unknown_command" time="0.158" /><testcase classname="backend.tests.test_new_features_iter10.TestOracleWorldMonitor" name="test_get_oracle_status" time="0.078" /><testcase classname="backend.tests.test_new_features_iter10.TestOracleWorldMonitor" name="test_oracle_vision_world_state" time="0.083" /><testcase classname="backend.tests.test_new_features_iter10.TestOracleWorldMonitor" name="test_oracle_vision_prophecy" time="0.086" /><testcase classname="backend.tests.test_new_features_iter10.TestOracleWorldMonitor" name="test_oracle_vision_player_fate" time="0.079" /><testcase classname="backend.tests.test_new_features_iter10.TestAIIntegrationsAPI" name="test_list_ai_apps" time="0.079" /><testcase classname="backend.tests.test_new_features_iter10.TestAIIntegrationsAPI" name="test_list_ai_apps_with_user" time="0.081" /><testcase classname="backend.tests.test_new_features_iter10.TestAIIntegrationsAPI" name="test_register_ai_app_requires_mod_permissions" time="0.151" /><testcase classname="backend.tests.test_new_features_iter10.TestAIIntegrationsAPI" name="test_register_ai_app_with_mod_user" time="0.106" /><testcase classname="backend.tests.test_new_features_iter10.TestMultiplayerChatFix" name="test_chat_endpoint_exists" time="0.081" /><testcase classname="backend.tests.test_new_features_iter10.TestFirstPersonView3D" name="test_character_endpoint_for_3d_view" time="0.185" /><testcase classname="backend.tests.test_new_features_iter10.TestFirstPersonView3D" name="test_combat_stats_endpoint" time="0.075" /><testcase classname="backend.tests.test_new_features_iter10.TestFirstPersonView3D" name="test_time_phase_endpoint" time="0.076" /></testsuite></testsuites>