<?xml version="1.0" encoding="utf-8"?><testsuites name="pytest tests"><testsuite name="pytest" errors="0" failures="0" skipped="0" tests="20" time="2.260" timestamp="2026-04-22T18:19:48.991268+00:00" hostname="agent-env-2ec51727-6051-4a8c-8f52-04de1b29dbdf"><testcase classname="backend.tests.test_p1_features_iter14.TestTaskMarketplace" name="test_get_categories_returns_10_categories" time="0.231" /><testcase classname="backend.tests.test_p1_features_iter14.TestTaskMarketplace" name="test_categories_have_required_fields" time="0.091" /><testcase classname="backend.tests.test_p1_features_iter14.TestTaskMarketplace" name="test_difficulty_levels_returned" time="0.090" /><testcase classname="backend.tests.test_p1_features_iter14.TestTaskMarketplace" name="test_list_tasks_endpoint" time="0.093" /><testcase classname="backend.tests.test_p1_features_iter14.TestTaskMarketplace" name="test_marketplace_stats_endpoint" time="0.099" /><testcase classname="backend.tests.test_p1_features_iter14.TestBuildingSystem" name="test_get_catalog_returns_5_categories" time="0.096" /><testcase classname="backend.tests.test_p1_features_iter14.TestBuildingSystem" name="test_catalog_has_grid_settings" time="0.085" /><testcase classname="backend.tests.test_p1_features_iter14.TestBuildingSystem" name="test_basic_structures_has_buildings" time="0.087" /><testcase classname="backend.tests.test_p1_features_iter14.TestBuildingSystem" name="test_functional_buildings_have_functions" time="0.117" /><testcase classname="backend.tests.test_p1_features_iter14.TestBuildingSystem" name="test_buildings_have_required_fields" time="0.102" /><testcase classname="backend.tests.test_p1_features_iter14.TestWorldMap" name="test_get_config_returns_8_regions" time="0.081" /><testcase classname="backend.tests.test_p1_features_iter14.TestWorldMap" name="test_get_config_returns_15_terrain_types" time="0.087" /><testcase classname="backend.tests.test_p1_features_iter14.TestWorldMap" name="test_regions_have_required_fields" time="0.096" /><testcase classname="backend.tests.test_p1_features_iter14.TestWorldMap" name="test_terrain_types_have_required_fields" time="0.092" /><testcase classname="backend.tests.test_p1_features_iter14.TestWorldMap" name="test_default_size_returned" time="0.089" /><testcase classname="backend.tests.test_p1_features_iter14.TestCharacterCustomization" name="test_create_character_with_model" time="0.088" /><testcase classname="backend.tests.test_p1_features_iter14.TestCharacterCustomization" name="test_update_character_model" time="0.165" /><testcase classname="backend.tests.test_p1_features_iter14.TestCharacterCustomization" name="test_get_character_returns_model" time="0.168" /><testcase classname="backend.tests.test_p1_features_iter14.TestContinueJourneyAuth" name="test_character_belongs_to_user" time="0.143" /><testcase classname="backend.tests.test_p1_features_iter14.TestContinueJourneyAuth" name="test_character_not_found_returns_404" time="0.091" /></testsuite></testsuites>