<?xml version="1.0" encoding="utf-8"?><testsuites name="pytest tests"><testsuite name="pytest" errors="0" failures="0" skipped="0" tests="21" time="2.685" timestamp="2026-04-26T21:58:16.884744+00:00" hostname="agent-env-2ec51727-6051-4a8c-8f52-04de1b29dbdf"><testcase classname="backend.tests.test_iteration27_profile_ai_training.TestProfileCustomizationAPI" name="test_get_profile_customization" time="0.114" /><testcase classname="backend.tests.test_iteration27_profile_ai_training.TestProfileCustomizationAPI" name="test_update_display_name" time="0.321" /><testcase classname="backend.tests.test_iteration27_profile_ai_training.TestProfileCustomizationAPI" name="test_display_name_validation_too_short" time="0.089" /><testcase classname="backend.tests.test_iteration27_profile_ai_training.TestProfileCustomizationAPI" name="test_display_name_validation_too_long" time="0.093" /><testcase classname="backend.tests.test_iteration27_profile_ai_training.TestProfileCustomizationAPI" name="test_update_profile_logo" time="0.182" /><testcase classname="backend.tests.test_iteration27_profile_ai_training.TestProfileCustomizationAPI" name="test_get_customization_options" time="0.082" /><testcase classname="backend.tests.test_iteration27_profile_ai_training.TestProfileCustomizationAPI" name="test_profile_not_found" time="0.090" /><testcase classname="backend.tests.test_iteration27_profile_ai_training.TestAITrainingSkillsAPI" name="test_get_trainable_skills" time="0.074" /><testcase classname="backend.tests.test_iteration27_profile_ai_training.TestAITrainingActivitiesAPI" name="test_get_training_activities" time="0.102" /><testcase classname="backend.tests.test_iteration27_profile_ai_training.TestAITrainingTrainAPI" name="test_train_npc_in_skill" time="0.093" /><testcase classname="backend.tests.test_iteration27_profile_ai_training.TestAITrainingTrainAPI" name="test_train_invalid_skill" time="0.112" /><testcase classname="backend.tests.test_iteration27_profile_ai_training.TestAITrainingTrainAPI" name="test_train_invalid_activity" time="0.105" /><testcase classname="backend.tests.test_iteration27_profile_ai_training.TestAITrainingTrainAPI" name="test_train_multiple_activities" time="0.235" /><testcase classname="backend.tests.test_iteration27_profile_ai_training.TestAITrainingEntitySkillsAPI" name="test_get_entity_skills" time="0.184" /><testcase classname="backend.tests.test_iteration27_profile_ai_training.TestAITrainingEntitySkillsAPI" name="test_get_entity_skills_empty" time="0.093" /><testcase classname="backend.tests.test_iteration27_profile_ai_training.TestAITrainingSkillDetailAPI" name="test_get_entity_skill_detail" time="0.167" /><testcase classname="backend.tests.test_iteration27_profile_ai_training.TestAITrainingSkillDetailAPI" name="test_get_entity_skill_not_started" time="0.083" /><testcase classname="backend.tests.test_iteration27_profile_ai_training.TestAITrainingSkillDetailAPI" name="test_get_invalid_skill_detail" time="0.095" /><testcase classname="backend.tests.test_iteration27_profile_ai_training.TestAITrainingLeaderboardAPI" name="test_get_skill_leaderboard" time="0.099" /><testcase classname="backend.tests.test_iteration27_profile_ai_training.TestAITrainingLeaderboardAPI" name="test_get_invalid_skill_leaderboard" time="0.078" /><testcase classname="backend.tests.test_iteration27_profile_ai_training.TestMasteryProgression" name="test_mastery_level_progression" time="0.099" /></testsuite></testsuites>