<?xml version="1.0" encoding="utf-8"?><testsuites name="pytest tests"><testsuite name="pytest" errors="0" failures="2" skipped="1" tests="12" time="2.260" timestamp="2026-06-15T08:56:34.234682+00:00" hostname="agent-env-2ec51727-6051-4a8c-8f52-04de1b29dbdf"><testcase classname="backend.tests.test_field_ops_iter30" name="test_types_metadata" time="0.330"><failure message="KeyError: 'accepted_mimes'">backend/tests/test_field_ops_iter30.py:58: in test_types_metadata
    photo_mimes = d["types"]["photo"]["accepted_mimes"]
                  ^^^^^^^^^^^^^^^^^^^^^^^^^^^^^^^^^^^^^
E   KeyError: 'accepted_mimes'</failure></testcase><testcase classname="backend.tests.test_field_ops_iter30" name="test_available_with_geo_attaches_distance_and_review_mode" time="0.047" /><testcase classname="backend.tests.test_field_ops_iter30" name="test_accepted_op_sorts_first" time="0.187" /><testcase classname="backend.tests.test_field_ops_iter30" name="test_reaccept_returns_existing_lock" time="0.131" /><testcase classname="backend.tests.test_field_ops_iter30" name="test_oversized_media_rejected" time="0.712" /><testcase classname="backend.tests.test_field_ops_iter30" name="test_empty_media_rejected" time="0.130" /><testcase classname="backend.tests.test_field_ops_iter30" name="test_submission_detail_omits_and_includes_media" time="0.197" /><testcase classname="backend.tests.test_field_ops_iter30" name="test_submission_detail_404" time="0.036" /><testcase classname="backend.tests.test_field_ops_iter30" name="test_review_queue_and_reject" time="0.144"><failure message="assert False&#10; +  where False = any(&lt;generator object test_review_queue_and_reject.&lt;locals&gt;.&lt;genexpr&gt; at 0xff310568f840&gt;)">backend/tests/test_field_ops_iter30.py:185: in test_review_queue_and_reject
    assert any(s.get("submission_id") == sub_id for s in queue_subs)
E   assert False
E    +  where False = any(&lt;generator object test_review_queue_and_reject.&lt;locals&gt;.&lt;genexpr&gt; at 0xff310568f840&gt;)</failure></testcase><testcase classname="backend.tests.test_field_ops_iter30" name="test_stats_numeric" time="0.037" /><testcase classname="backend.tests.test_field_ops_iter30" name="test_boost_multiplies_payout" time="0.043"><skipped type="pytest.skip" message="Forge Surge not in catalog - cannot test boost path">/app/backend/tests/test_field_ops_iter30.py:228: Forge Surge not in catalog - cannot test boost path</skipped></testcase><testcase classname="backend.tests.test_field_ops_iter30" name="test_regression_existing_endpoints" time="0.169" /></testsuite></testsuites>