<?xml version="1.0" encoding="utf-8"?><testsuites name="pytest tests"><testsuite name="pytest" errors="0" failures="0" skipped="0" tests="22" time="3.969" timestamp="2026-04-23T00:02:11.986256+00:00" hostname="agent-env-2ec51727-6051-4a8c-8f52-04de1b29dbdf"><testcase classname="backend.tests.test_profile_customization_iter19.TestProfileCustomizationOptions" name="test_get_customization_options_returns_chat_colors" time="0.126" /><testcase classname="backend.tests.test_profile_customization_iter19.TestProfileCustomizationOptions" name="test_get_customization_options_returns_model_presets" time="0.086" /><testcase classname="backend.tests.test_profile_customization_iter19.TestProfileCustomizationOptions" name="test_get_customization_options_returns_color_fields" time="0.080" /><testcase classname="backend.tests.test_profile_customization_iter19.TestProfileCustomizationOptions" name="test_get_customization_options_returns_limits" time="0.090" /><testcase classname="backend.tests.test_profile_customization_iter19.TestProfileCustomizationGet" name="test_get_profile_customization_returns_defaults" time="0.401" /><testcase classname="backend.tests.test_profile_customization_iter19.TestProfileCustomizationGet" name="test_get_profile_customization_returns_model_colors" time="0.084" /><testcase classname="backend.tests.test_profile_customization_iter19.TestProfileCustomizationGet" name="test_get_profile_customization_404_for_invalid_user" time="0.103" /><testcase classname="backend.tests.test_profile_customization_iter19.TestProfileCustomizationUpdate" name="test_update_display_name" time="0.513" /><testcase classname="backend.tests.test_profile_customization_iter19.TestProfileCustomizationUpdate" name="test_update_display_name_validation_too_short" time="0.112" /><testcase classname="backend.tests.test_profile_customization_iter19.TestProfileCustomizationUpdate" name="test_update_display_name_validation_too_long" time="0.085" /><testcase classname="backend.tests.test_profile_customization_iter19.TestProfileCustomizationUpdate" name="test_update_bio" time="0.185" /><testcase classname="backend.tests.test_profile_customization_iter19.TestProfileCustomizationUpdate" name="test_update_chat_color" time="0.206" /><testcase classname="backend.tests.test_profile_customization_iter19.TestProfileCustomizationUpdate" name="test_update_model_preset" time="0.184" /><testcase classname="backend.tests.test_profile_customization_iter19.TestProfileCustomizationUpdate" name="test_update_model_preset_invalid" time="0.082" /><testcase classname="backend.tests.test_profile_customization_iter19.TestProfileCustomizationUpdate" name="test_update_model_colors" time="0.246" /><testcase classname="backend.tests.test_profile_customization_iter19.TestProfileCustomizationUpdate" name="test_update_status_message" time="0.184" /><testcase classname="backend.tests.test_profile_customization_iter19.TestProfileCustomizationUpdate" name="test_update_privacy_settings" time="0.182" /><testcase classname="backend.tests.test_profile_customization_iter19.TestProfileCustomizationUpdate" name="test_update_profile_picture" time="0.184" /><testcase classname="backend.tests.test_profile_customization_iter19.TestProfileCustomizationUpdate" name="test_update_title_display" time="0.176" /><testcase classname="backend.tests.test_profile_customization_iter19.TestProfileCustomizationUpdate" name="test_update_multiple_fields" time="0.089" /><testcase classname="backend.tests.test_profile_customization_iter19.TestProfileCustomizationUpdate" name="test_update_404_for_invalid_user" time="0.097" /><testcase classname="backend.tests.test_profile_customization_iter19.TestProfileCustomizationIntegration" name="test_login_and_get_profile" time="0.389" /></testsuite></testsuites>