<?xml version="1.0" encoding="utf-8"?><testsuites name="pytest tests"><testsuite name="pytest" errors="0" failures="0" skipped="0" tests="17" time="2.990" timestamp="2026-03-14T06:43:07.134966+00:00" hostname="agent-env-2ec51727-6051-4a8c-8f52-04de1b29dbdf"><testcase classname="backend.tests.test_backlog_features.TestTravelDistanceTracking" name="test_move_tracks_distance" time="0.419" /><testcase classname="backend.tests.test_backlog_features.TestTravelDistanceTracking" name="test_sprint_moves_faster" time="0.114" /><testcase classname="backend.tests.test_backlog_features.TestTravelDistanceTracking" name="test_move_returns_discoveries_field" time="0.079" /><testcase classname="backend.tests.test_backlog_features.TestPvPCombatSystem" name="test_pvp_challenge_creation" time="0.248" /><testcase classname="backend.tests.test_backlog_features.TestPvPCombatSystem" name="test_pvp_challenge_requires_same_location" time="0.151" /><testcase classname="backend.tests.test_backlog_features.TestPvPCombatSystem" name="test_pvp_accept_challenge" time="0.143" /><testcase classname="backend.tests.test_backlog_features.TestPvPCombatSystem" name="test_pvp_attack" time="0.342" /><testcase classname="backend.tests.test_backlog_features.TestPvPCombatSystem" name="test_pvp_get_active_session" time="0.035" /><testcase classname="backend.tests.test_backlog_features.TestPvPCombatSystem" name="test_pvp_invalid_action_fails" time="0.225" /><testcase classname="backend.tests.test_backlog_features.TestTimePhaseSystem" name="test_get_time_phase" time="0.034" /><testcase classname="backend.tests.test_backlog_features.TestTimePhaseSystem" name="test_get_time_phase_with_offset" time="0.144" /><testcase classname="backend.tests.test_backlog_features.TestTimePhaseSystem" name="test_get_all_phases" time="0.075" /><testcase classname="backend.tests.test_backlog_features.TestMoodBasedDialogue" name="test_get_villager_dialogue_basic" time="0.127" /><testcase classname="backend.tests.test_backlog_features.TestMoodBasedDialogue" name="test_get_villager_dialogue_types" time="0.146" /><testcase classname="backend.tests.test_backlog_features.TestMoodBasedDialogue" name="test_dialogue_returns_trade_info" time="0.030" /><testcase classname="backend.tests.test_backlog_features.TestMoodBasedDialogue" name="test_villager_not_found" time="0.083" /><testcase classname="backend.tests.test_backlog_features.TestBacklogIntegration" name="test_full_pvp_combat_flow" time="0.517" /></testsuite></testsuites>