<?xml version="1.0" encoding="utf-8"?><testsuites name="pytest tests"><testsuite name="pytest" errors="0" failures="0" skipped="1" tests="23" time="2.877" timestamp="2026-04-22T19:21:37.975442+00:00" hostname="agent-env-2ec51727-6051-4a8c-8f52-04de1b29dbdf"><testcase classname="backend.tests.test_building_system_iter16.TestBuildingCatalog" name="test_get_catalog_returns_5_categories" time="0.281" /><testcase classname="backend.tests.test_building_system_iter16.TestBuildingCatalog" name="test_catalog_has_grid_settings" time="0.329" /><testcase classname="backend.tests.test_building_system_iter16.TestBuildingCatalog" name="test_catalog_building_items_have_required_fields" time="0.092" /><testcase classname="backend.tests.test_building_system_iter16.TestBuildingGrid" name="test_get_grid_returns_100x100" time="0.090" /><testcase classname="backend.tests.test_building_system_iter16.TestBuildingGrid" name="test_grid_shows_existing_buildings" time="0.081" /><testcase classname="backend.tests.test_building_system_iter16.TestBuildingGrid" name="test_grid_creates_new_region_if_not_exists" time="0.092" /><testcase classname="backend.tests.test_building_system_iter16.TestBuildingPlacement" name="test_place_building_with_sufficient_balance" time="0.351" /><testcase classname="backend.tests.test_building_system_iter16.TestBuildingPlacement" name="test_place_building_insufficient_balance" time="0.098" /><testcase classname="backend.tests.test_building_system_iter16.TestBuildingPlacement" name="test_place_building_collision_detection" time="0.084" /><testcase classname="backend.tests.test_building_system_iter16.TestBuildingPlacement" name="test_place_building_out_of_bounds" time="0.088" /><testcase classname="backend.tests.test_building_system_iter16.TestBuildingPlacement" name="test_place_unknown_building_type" time="0.072" /><testcase classname="backend.tests.test_building_system_iter16.TestBuildingMove" name="test_move_building_success" time="0.310" /><testcase classname="backend.tests.test_building_system_iter16.TestBuildingMove" name="test_move_building_not_owner" time="0.189" /><testcase classname="backend.tests.test_building_system_iter16.TestBuildingMove" name="test_move_building_not_found" time="0.083" /><testcase classname="backend.tests.test_building_system_iter16.TestBuildingDemolish" name="test_demolish_returns_50_percent_refund" time="0.086"><skipped type="pytest.skip" message="Insufficient balance to test demolish">/app/backend/tests/test_building_system_iter16.py:319: Insufficient balance to test demolish</skipped></testcase><testcase classname="backend.tests.test_building_system_iter16.TestBuildingDemolish" name="test_demolish_not_owner" time="0.187" /><testcase classname="backend.tests.test_building_system_iter16.TestBuildingDemolish" name="test_demolish_not_found" time="0.095" /><testcase classname="backend.tests.test_building_system_iter16.TestOwnedBuildings" name="test_get_owned_buildings" time="0.085" /><testcase classname="backend.tests.test_building_system_iter16.TestBuildingStats" name="test_get_building_stats" time="0.091" /><testcase classname="backend.tests.test_building_system_iter16.TestDeploymentGuide" name="test_deployment_guide_exists" time="0.000" /><testcase classname="backend.tests.test_building_system_iter16.TestDeploymentGuide" name="test_deployment_guide_has_production_instructions" time="0.000" /><testcase classname="backend.tests.test_building_system_iter16.TestDeploymentGuide" name="test_deployment_guide_has_troubleshooting" time="0.000" /><testcase classname="backend.tests.test_building_system_iter16.TestDeploymentGuide" name="test_deployment_guide_has_architecture" time="0.000" /></testsuite></testsuites>