<?xml version="1.0" encoding="utf-8"?><testsuites name="pytest tests"><testsuite name="pytest" errors="0" failures="0" skipped="0" tests="13" time="2.822" timestamp="2026-04-22T17:18:10.102586+00:00" hostname="agent-env-2ec51727-6051-4a8c-8f52-04de1b29dbdf"><testcase classname="tests.test_conversation_history_iter12.TestConversationHistoryAPIs" name="test_01_create_conversation" time="0.254" /><testcase classname="tests.test_conversation_history_iter12.TestConversationHistoryAPIs" name="test_02_add_messages_bulk" time="0.213" /><testcase classname="tests.test_conversation_history_iter12.TestConversationHistoryAPIs" name="test_03_get_player_conversations_by_npc" time="0.519" /><testcase classname="tests.test_conversation_history_iter12.TestConversationHistoryAPIs" name="test_04_get_player_conversations_by_session" time="0.116" /><testcase classname="tests.test_conversation_history_iter12.TestConversationHistoryAPIs" name="test_05_get_player_stats" time="0.109" /><testcase classname="tests.test_conversation_history_iter12.TestConversationHistoryAPIs" name="test_06_get_conversation_detail" time="0.093" /><testcase classname="tests.test_conversation_history_iter12.TestConversationHistoryAPIs" name="test_07_resume_conversation" time="0.090" /><testcase classname="tests.test_conversation_history_iter12.TestConversationHistoryAPIs" name="test_08_search_conversations" time="0.121" /><testcase classname="tests.test_conversation_history_iter12.TestConversationHistoryAPIs" name="test_09_add_single_message" time="0.078" /><testcase classname="tests.test_conversation_history_iter12.TestConversationHistoryAPIs" name="test_10_end_conversation" time="0.089" /><testcase classname="tests.test_conversation_history_iter12.TestConversationHistoryAPIs" name="test_11_conversation_not_found" time="0.086" /><testcase classname="tests.test_conversation_history_iter12.TestConversationHistoryAPIs" name="test_12_resume_not_found" time="0.151" /><testcase classname="tests.test_conversation_history_iter12.TestConversationHistoryWithMultipleNPCs" name="test_create_multiple_conversations" time="0.773" /></testsuite></testsuites>